<?xml version="1.0" encoding="UTF-8"?>
<testsuite name="scenarios.LoginTest" time="65.248" tests="1" errors="1" skipped="0" failures="0">
  <properties>
[...]
</properties>
  <testcase name="LoginTest" classname="scenarios.LoginTest" time="65.248">
    <error message="no such element: Unable to locate element: {&quot;method&quot;:&quot;xpath&quot;,&quot;selector&quot;:&quot;//*[@id=&quot;main&quot;]/header/div/h1&quot;}&#10;  (Session info: chrome=91.0.4472.114)&#10;For documentation on this error, please visit: https://www.seleniumhq.org/exceptions/no_such_element.html&#10;Build info: version: &apos;3.141.59&apos;, revision: &apos;e82be7d358&apos;, time: &apos;2018-11-14T08:17:03&apos;&#10;System info: host: &apos;LAPTOP-PB5O03D2&apos;, ip: &apos;192.168.56.1&apos;, os.name: &apos;Windows 10&apos;, os.arch: &apos;amd64&apos;, os.version: &apos;10.0&apos;, java.version: &apos;15.0.1&apos;&#10;Driver info: org.openqa.selenium.chrome.ChromeDriver&#10;Capabilities {acceptInsecureCerts: false, browserName: chrome, browserVersion: 91.0.4472.114, chrome: {chromedriverVersion: 91.0.4472.101 (af52a90bf870..., userDataDir: C:\Users\brglf\AppData\Loca...}, goog:chromeOptions: {debuggerAddress: localhost:59385}, javascriptEnabled: true, networkConnectionEnabled: false, pageLoadStrategy: normal, platform: WINDOWS, platformName: WINDOWS, proxy: Proxy(), setWindowRect: true, strictFileInteractability: false, timeouts: {implicit: 0, pageLoad: 300000, script: 30000}, unhandledPromptBehavior: dismiss and notify, webauthn:extension:largeBlob: true, webauthn:virtualAuthenticators: true}&#10;Session ID: b198e812290a26c47d09e7dfaf69e67a&#10;*** Element info: {Using=xpath, value=//*[@id=&quot;main&quot;]/header/div/h1}" type="org.openqa.selenium.NoSuchElementException">org.openqa.selenium.NoSuchElementException: no such element: Unable to locate element: {"method":"xpath","selector":"//*[@id="main"]/header/div/h1"}
  (Session info: chrome=91.0.4472.114)
For documentation on this error, please visit: https://www.seleniumhq.org/exceptions/no_such_element.html
Build info: version: '3.141.59', revision: 'e82be7d358', time: '2018-11-14T08:17:03'
System info: host: 'LAPTOP-PB5O03D2', ip: '192.168.56.1', os.name: 'Windows 10', os.arch: 'amd64', os.version: '10.0', java.version: '15.0.1'
Driver info: org.openqa.selenium.chrome.ChromeDriver
Capabilities {acceptInsecureCerts: false, browserName: chrome, browserVersion: 91.0.4472.114, chrome: {chromedriverVersion: 91.0.4472.101 (af52a90bf870..., userDataDir: C:\Users\brglf\AppData\Loca...}, goog:chromeOptions: {debuggerAddress: localhost:59385}, javascriptEnabled: true, networkConnectionEnabled: false, pageLoadStrategy: normal, platform: WINDOWS, platformName: WINDOWS, proxy: Proxy(), setWindowRect: true, strictFileInteractability: false, timeouts: {implicit: 0, pageLoad: 300000, script: 30000}, unhandledPromptBehavior: dismiss and notify, webauthn:extension:largeBlob: true, webauthn:virtualAuthenticators: true}
Session ID: b198e812290a26c47d09e7dfaf69e67a
*** Element info: {Using=xpath, value=//*[@id="main"]/header/div/h1}
	at java.base/jdk.internal.reflect.NativeConstructorAccessorImpl.newInstance0(Native Method)
	at java.base/jdk.internal.reflect.NativeConstructorAccessorImpl.newInstance(NativeConstructorAccessorImpl.java:64)
	at java.base/jdk.internal.reflect.DelegatingConstructorAccessorImpl.newInstance(DelegatingConstructorAccessorImpl.java:45)
	at java.base/java.lang.reflect.Constructor.newInstanceWithCaller(Constructor.java:500)
	at java.base/java.lang.reflect.Constructor.newInstance(Constructor.java:481)
	at org.openqa.selenium.remote.http.W3CHttpResponseCodec.createException(W3CHttpResponseCodec.java:187)
	at org.openqa.selenium.remote.http.W3CHttpResponseCodec.decode(W3CHttpResponseCodec.java:122)
	at org.openqa.selenium.remote.http.W3CHttpResponseCodec.decode(W3CHttpResponseCodec.java:49)
	at org.openqa.selenium.remote.HttpCommandExecutor.execute(HttpCommandExecutor.java:158)
	at org.openqa.selenium.remote.service.DriverCommandExecutor.execute(DriverCommandExecutor.java:83)
	at org.openqa.selenium.remote.RemoteWebDriver.execute(RemoteWebDriver.java:552)
	at org.openqa.selenium.remote.RemoteWebDriver.findElement(RemoteWebDriver.java:323)
	at org.openqa.selenium.remote.RemoteWebDriver.findElementByXPath(RemoteWebDriver.java:428)
	at org.openqa.selenium.By$ByXPath.findElement(By.java:353)
	at org.openqa.selenium.remote.RemoteWebDriver.findElement(RemoteWebDriver.java:315)
	at scenarios.LoginTest.LoginTest(LoginTest.java:58)
</error>
    <system-out><![CDATA[0    [main] INFO  core.environment.EnvironmentUtil  - Enviroment is PROD !!
1    [main] INFO  core.environment.EnvironmentUtil  - Enviroment is PROD !!
2    [main] INFO  core.environment.EnvironmentUtil  - Environment properties loaded to System
95   [main] INFO  core.BaseTest  - test is initializing... 07/05/2021 12:14:57
95   [main] INFO  core.BaseTest  - System Properties was set... 
2877 [main] INFO  core.BaseTest  - Chrome Driver was set as a web driver 
2903 [main] INFO  core.BaseTest  - tolerable waiting time is 20 SECOND for Web Driver !
2903 [main] INFO  core.BaseTest  - tolerable page load timeout is 60 SECOND for Web Driver !
9990 [main] INFO  core.ScreenShot  - ScreenShot was taken
12491 [main] INFO  core.BaseTest  - Base test is finalizing 07/05/2021 12:15:10
12491 [main] INFO  core.report.ReportBuilderWord  - Report is gathering ...
13599 [main] INFO  core.report.ReportBuilderWord  - Used parameters ...
13608 [main] INFO  core.report.ReportBuilderWord  - Report steps adding to report.
13647 [main] INFO  core.report.ReportBuilderWord  - ReportStep [testId=1625501691153, stepHeader=Test Has Been Started, stepDescription=Boutique Rugs Quality Assurance Test, activeUrl=ActiveURL, time=Mon Jul 05 12:15:10 EDT 2021, screenShot=C:\Users\brglf\OneDrive\Desktop\New folder\1625501691153\1625501707900.jpg]
14293 [main] INFO  core.environment.EnvironmentUtil  - Enviroment is PROD !!
14293 [main] INFO  scenarios.LoginTest  - Login test is starting
17355 [main] INFO  scenarios.LoginTest  - Wait for items to be set up 1625501715277
22365 [main] INFO  scenarios.LoginTest  - Waited for items to be set up 1625501720289
63525 [main] ERROR scenarios.LoginTest  - null------------- LOGIN TEST TRY-CATCHno such element: Unable to locate element: {"method":"xpath","selector":"//*[@id="main"]/header/div/h1"}
  (Session info: chrome=91.0.4472.114)
For documentation on this error, please visit: https://www.seleniumhq.org/exceptions/no_such_element.html
Build info: version: '3.141.59', revision: 'e82be7d358', time: '2018-11-14T08:17:03'
System info: host: 'LAPTOP-PB5O03D2', ip: '192.168.56.1', os.name: 'Windows 10', os.arch: 'amd64', os.version: '10.0', java.version: '15.0.1'
Driver info: org.openqa.selenium.chrome.ChromeDriver
Capabilities {acceptInsecureCerts: false, browserName: chrome, browserVersion: 91.0.4472.114, chrome: {chromedriverVersion: 91.0.4472.101 (af52a90bf870..., userDataDir: C:\Users\brglf\AppData\Loca...}, goog:chromeOptions: {debuggerAddress: localhost:59385}, javascriptEnabled: true, networkConnectionEnabled: false, pageLoadStrategy: normal, platform: WINDOWS, platformName: WINDOWS, proxy: Proxy(), setWindowRect: true, strictFileInteractability: false, timeouts: {implicit: 0, pageLoad: 300000, script: 30000}, unhandledPromptBehavior: dismiss and notify, webauthn:extension:largeBlob: true, webauthn:virtualAuthenticators: true}
Session ID: b198e812290a26c47d09e7dfaf69e67a
*** Element info: {Using=xpath, value=//*[@id="main"]/header/div/h1}
63526 [main] INFO  core.ScreenShot  - ScreenShot was taken
63879 [main] ERROR scenarios.LoginTest  - null------------- LOGIN TEST TRY-CATCHno such element: Unable to locate element: {"method":"xpath","selector":"//*[@id="main"]/header/div/h1"}
  (Session info: chrome=91.0.4472.114)
For documentation on this error, please visit: https://www.seleniumhq.org/exceptions/no_such_element.html
Build info: version: '3.141.59', revision: 'e82be7d358', time: '2018-11-14T08:17:03'
System info: host: 'LAPTOP-PB5O03D2', ip: '192.168.56.1', os.name: 'Windows 10', os.arch: 'amd64', os.version: '10.0', java.version: '15.0.1'
Driver info: org.openqa.selenium.chrome.ChromeDriver
Capabilities {acceptInsecureCerts: false, browserName: chrome, browserVersion: 91.0.4472.114, chrome: {chromedriverVersion: 91.0.4472.101 (af52a90bf870..., userDataDir: C:\Users\brglf\AppData\Loca...}, goog:chromeOptions: {debuggerAddress: localhost:59385}, javascriptEnabled: true, networkConnectionEnabled: false, pageLoadStrategy: normal, platform: WINDOWS, platformName: WINDOWS, proxy: Proxy(), setWindowRect: true, strictFileInteractability: false, timeouts: {implicit: 0, pageLoad: 300000, script: 30000}, unhandledPromptBehavior: dismiss and notify, webauthn:extension:largeBlob: true, webauthn:virtualAuthenticators: true}
Session ID: b198e812290a26c47d09e7dfaf69e67a
*** Element info: {Using=xpath, value=//*[@id="main"]/header/div/h1}
63880 [main] INFO  scenarios.LoginTest  - Login test is finalizing 07/05/2021 12:16:01
63880 [main] INFO  core.report.ReportBuilderWord  - Report is gathering ...
63890 [main] INFO  core.report.ReportBuilderWord  - Used parameters ...
63892 [main] INFO  core.report.ReportBuilderWord  - Report steps adding to report.
63893 [main] INFO  core.report.ReportBuilderWord  - ReportStep [testId=1625501691153, stepHeader=Test Has Been Started, stepDescription=Boutique Rugs Quality Assurance Test, activeUrl=ActiveURL, time=Mon Jul 05 12:15:10 EDT 2021, screenShot=C:\Users\brglf\OneDrive\Desktop\New folder\1625501691153\1625501707900.jpg]
63910 [main] INFO  core.report.ReportBuilderWord  - ReportStep [testId=1625501691153, stepHeader=Boutique Rugs Quality Assurance Test, stepDescription=Test Has Been Completed -- no such element: Unable to locate element: {"method":"xpath","selector":"//*[@id="main"]/header/div/h1"}
  (Session info: chrome=91.0.4472.114)
For documentation on this error, please visit: https://www.seleniumhq.org/exceptions/no_such_element.html
Build info: version: '3.141.59', revision: 'e82be7d358', time: '2018-11-14T08:17:03'
System info: host: 'LAPTOP-PB5O03D2', ip: '192.168.56.1', os.name: 'Windows 10', os.arch: 'amd64', os.version: '10.0', java.version: '15.0.1'
Driver info: org.openqa.selenium.chrome.ChromeDriver
Capabilities {acceptInsecureCerts: false, browserName: chrome, browserVersion: 91.0.4472.114, chrome: {chromedriverVersion: 91.0.4472.101 (af52a90bf870..., userDataDir: C:\Users\brglf\AppData\Loca...}, goog:chromeOptions: {debuggerAddress: localhost:59385}, javascriptEnabled: true, networkConnectionEnabled: false, pageLoadStrategy: normal, platform: WINDOWS, platformName: WINDOWS, proxy: Proxy(), setWindowRect: true, strictFileInteractability: false, timeouts: {implicit: 0, pageLoad: 300000, script: 30000}, unhandledPromptBehavior: dismiss and notify, webauthn:extension:largeBlob: true, webauthn:virtualAuthenticators: true}
Session ID: b198e812290a26c47d09e7dfaf69e67a
*** Element info: {Using=xpath, value=//*[@id="main"]/header/div/h1}, activeUrl=ActiveURL, time=Mon Jul 05 12:16:01 EDT 2021, screenShot=C:\Users\brglf\OneDrive\Desktop\New folder\1625501691153\1625501761451.jpg]
65082 [main] INFO  core.BaseTest  - test is ending... 07/05/2021 12:16:03
]]></system-out>
    <system-err><![CDATA[Starting ChromeDriver 91.0.4472.101 (af52a90bf87030dd1523486a1cd3ae25c5d76c9b-refs/branch-heads/4472@{#1462}) on port 19367
Only local connections are allowed.
Please see https://chromedriver.chromium.org/security-considerations for suggestions on keeping ChromeDriver safe.
ChromeDriver was started successfully.
Jul 05, 2021 12:15:00 PM org.openqa.selenium.remote.ProtocolHandshake createSession
INFO: Detected dialect: W3C
]]></system-err>
  </testcase>
</testsuite>