<?xml version="1.0" encoding="UTF-8"?>
<testng-results ignored="0" total="1" passed="1" failed="0" skipped="0">
  <reporter-output>
  </reporter-output>
  <suite started-at="2021-08-16T14:54:56 EDT" name="Surefire suite" finished-at="2021-08-16T14:55:20 EDT" duration-ms="23961">
    <groups>
    </groups>
    <test started-at="2021-08-16T14:54:56 EDT" name="Surefire test" finished-at="2021-08-16T14:55:20 EDT" duration-ms="23961">
      <class name="scenarios.LoginTest">
        <test-method is-config="true" signature="setUp()[pri:0, instance:scenarios.LoginTest@15bb6bea]" started-at="2021-08-16T14:54:56 EDT" name="setUp" finished-at="2021-08-16T14:55:08 EDT" duration-ms="12114" status="PASS">
          <reporter-output>
          </reporter-output>
        </test-method> <!-- setUp -->
        <test-method signature="LoginTest()[pri:0, instance:scenarios.LoginTest@15bb6bea]" started-at="2021-08-16T14:55:08 EDT" name="LoginTest" finished-at="2021-08-16T14:55:19 EDT" duration-ms="10743" status="PASS">
          <reporter-output>
          </reporter-output>
        </test-method> <!-- LoginTest -->
        <test-method is-config="true" signature="afterSuite()[pri:0, instance:scenarios.LoginTest@15bb6bea]" started-at="2021-08-16T14:55:20 EDT" name="afterSuite" finished-at="2021-08-16T14:55:20 EDT" duration-ms="163" status="PASS">
          <reporter-output>
          </reporter-output>
        </test-method> <!-- afterSuite -->
      </class> <!-- scenarios.LoginTest -->
    </test> <!-- Surefire test -->
  </suite> <!-- Surefire suite -->
</testng-results>
